<?xml version="1.0" encoding="UTF-8" ?>
<testsuite failures="0" time="0.016" errors="0" skipped="0" tests="1" name="com.home.learningjava.myjavaexercises.AppTest">
  <properties>
    <property name="java.runtime.name" value="Java(TM) SE Runtime Environment"/>
    <property name="sun.boot.library.path" value="E:\Java\glassfishv3\jdk\jre\bin"/>
    <property name="java.vm.version" value="17.0-b17"/>
    <property name="java.vm.vendor" value="Sun Microsystems Inc."/>
    <property name="java.vendor.url" value="http://java.sun.com/"/>
    <property name="path.separator" value=";"/>
    <property name="java.vm.name" value="Java HotSpot(TM) Client VM"/>
    <property name="file.encoding.pkg" value="sun.io"/>
    <property name="user.country" value="LV"/>
    <property name="sun.java.launcher" value="SUN_STANDARD"/>
    <property name="sun.os.patch.level" value="Service Pack 4"/>
    <property name="java.vm.specification.name" value="Java Virtual Machine Specification"/>
    <property name="user.dir" value="E:\Java\workspace\asmy-java-utils\_current"/>
    <property name="java.runtime.version" value="1.6.0_21-b07"/>
    <property name="java.awt.graphicsenv" value="sun.awt.Win32GraphicsEnvironment"/>
    <property name="basedir" value="E:\Java\workspace\asmy-java-utils\_current"/>
    <property name="java.endorsed.dirs" value="E:\Java\glassfishv3\jdk\jre\lib\endorsed"/>
    <property name="os.arch" value="x86"/>
    <property name="surefire.real.class.path" value="C:\DOCUME~1\Master\LOCALS~1\Temp\surefirebooter1083678265226943966.jar"/>
    <property name="java.io.tmpdir" value="C:\DOCUME~1\Master\LOCALS~1\Temp\"/>
    <property name="line.separator" value="
"/>
    <property name="java.vm.specification.vendor" value="Sun Microsystems Inc."/>
    <property name="user.variant" value=""/>
    <property name="os.name" value="Windows XP"/>
    <property name="sun.jnu.encoding" value="Cp1251"/>
    <property name="java.library.path" value="E:\Java\glassfishv3\jdk\jre\bin;.;C:\WINDOWS\Sun\Java\bin;C:\WINDOWS\system32;C:\WINDOWS;C:\WINDOWS\system32;C:\WINDOWS;C:\WINDOWS\System32\Wbem;C:\programming\ghc\2009.2.0.2\bin;C:\programming\ghc\2009.2.0.2\extralibs\bin;C:\Program Files\Haskell\bin;C:\Program Files\GTK2-Runtime\bin;C:\Program Files\cvsnt;C:\Program Files\Haskell\bin;C:\programming\PostgreSQL\8.4\bin;C:\Program Files\Apache Software Foundation\maven-2.2.1\bin;E:\Java\glassfishv3\jdk\bin;E:\Java\apache-ant-1.8.1\bin;E:\Java\glassfishv3\glassfish\bin;e:\Java\git\cmd"/>
    <property name="surefire.test.class.path" value="E:\Java\workspace\asmy-java-utils\_current\target\test-classes;E:\Java\workspace\asmy-java-utils\_current\target\classes;e:\Java\maven\rep\junit\junit\3.8.1\junit-3.8.1.jar;e:\Java\maven\rep\org\apache\geronimo\specs\geronimo-jpa_2.0_spec\1.1\geronimo-jpa_2.0_spec-1.1.jar;"/>
    <property name="java.specification.name" value="Java Platform API Specification"/>
    <property name="java.class.version" value="50.0"/>
    <property name="sun.management.compiler" value="HotSpot Client Compiler"/>
    <property name="os.version" value="5.1"/>
    <property name="user.home" value="C:\Documents and Settings\Master"/>
    <property name="user.timezone" value=""/>
    <property name="java.awt.printerjob" value="sun.awt.windows.WPrinterJob"/>
    <property name="java.specification.version" value="1.6"/>
    <property name="file.encoding" value="Cp1257"/>
    <property name="user.name" value="Master"/>
    <property name="java.class.path" value="E:\Java\workspace\asmy-java-utils\_current\target\test-classes;E:\Java\workspace\asmy-java-utils\_current\target\classes;e:\Java\maven\rep\junit\junit\3.8.1\junit-3.8.1.jar;e:\Java\maven\rep\org\apache\geronimo\specs\geronimo-jpa_2.0_spec\1.1\geronimo-jpa_2.0_spec-1.1.jar;"/>
    <property name="java.vm.specification.version" value="1.0"/>
    <property name="sun.arch.data.model" value="32"/>
    <property name="java.home" value="E:\Java\glassfishv3\jdk\jre"/>
    <property name="java.specification.vendor" value="Sun Microsystems Inc."/>
    <property name="user.language" value="lv"/>
    <property name="awt.toolkit" value="sun.awt.windows.WToolkit"/>
    <property name="java.vm.info" value="mixed mode"/>
    <property name="java.version" value="1.6.0_21"/>
    <property name="java.ext.dirs" value="E:\Java\glassfishv3\jdk\jre\lib\ext;C:\WINDOWS\Sun\Java\lib\ext"/>
    <property name="sun.boot.class.path" value="E:\Java\glassfishv3\jdk\jre\lib\resources.jar;E:\Java\glassfishv3\jdk\jre\lib\rt.jar;E:\Java\glassfishv3\jdk\jre\lib\sunrsasign.jar;E:\Java\glassfishv3\jdk\jre\lib\jsse.jar;E:\Java\glassfishv3\jdk\jre\lib\jce.jar;E:\Java\glassfishv3\jdk\jre\lib\charsets.jar;E:\Java\glassfishv3\jdk\jre\classes"/>
    <property name="java.vendor" value="Sun Microsystems Inc."/>
    <property name="localRepository" value="e:\Java\maven\rep"/>
    <property name="file.separator" value="\"/>
    <property name="java.vendor.url.bug" value="http://java.sun.com/cgi-bin/bugreport.cgi"/>
    <property name="sun.cpu.endian" value="little"/>
    <property name="sun.io.unicode.encoding" value="UnicodeLittle"/>
    <property name="sun.desktop" value="windows"/>
    <property name="sun.cpu.isalist" value="pentium_pro+mmx pentium_pro pentium+mmx pentium i486 i386 i86"/>
  </properties>
  <testcase time="0" classname="com.home.learningjava.myjavaexercises.AppTest" name="testApp"/>
</testsuite>